# JRE version: OpenJDK Runtime Environment Temurin-17.0.12+7 (17.0.12+7) (build 17.0.12+7)
# Java VM: OpenJDK 64-Bit Server VM Temurin-17.0.12+7 (17.0.12+7, mixed mode, tiered, compressed oops, compressed class ptrs, parallel gc, windows-amd64)
GC Precious Log:
 CPUs: 8 total, 8 available
 Memory: 7103M
 Large Page Support: Disabled
 NUMA Support: Disabled
 Compressed Oops: Enabled (32-bit)
 Alignments: Space 512K, Generation 512K, Heap 2M
 Heap Min Capacity: 100M
 Heap Initial Capacity: 100M
 Heap Max Capacity: 1G
 Pre-touch: Disabled
 Parallel Workers: 8
Heap:
 PSYoungGen      total 32256K, used 21857K [0x00000000eab00000, 0x00000000ed300000, 0x0000000100000000)
  eden space 31744K, 68% used [0x00000000eab00000,0x00000000ec0206e0,0x00000000eca00000)
  from space 512K, 43% used [0x00000000ed200000,0x00000000ed238000,0x00000000ed280000)
  to   space 512K, 0% used [0x00000000ed280000,0x00000000ed280000,0x00000000ed300000)
 ParOldGen       total 266752K, used 200662K [0x00000000c0000000, 0x00000000d0480000, 0x00000000eab00000)
  object space 266752K, 75% used [0x00000000c0000000,0x00000000cc3f5a28,0x00000000d0480000)
 Metaspace       used 80148K, committed 81536K, reserved 1179648K
  class space    used 8499K, committed 9088K, reserved 1048576K
GC Heap History (20 events):
Event: 241.401 GC heap before
{Heap before GC invocations=165 (full 10):
 PSYoungGen      total 33792K, used 32448K [0x00000000eab00000, 0x00000000ed380000, 0x0000000100000000)
  eden space 32256K, 100% used [0x00000000eab00000,0x00000000eca80000,0x00000000eca80000)
  from space 1536K, 12% used [0x00000000ed080000,0x00000000ed0b0000,0x00000000ed200000)
  to   space 1024K, 0% used [0x00000000ed280000,0x00000000ed280000,0x00000000ed380000)
 ParOldGen       total 266752K, used 200566K [0x00000000c0000000, 0x00000000d0480000, 0x00000000eab00000)
  object space 266752K, 75% used [0x00000000c0000000,0x00000000cc3dda28,0x00000000d0480000)
 Metaspace       used 79857K, committed 81152K, reserved 1179648K
  class space    used 8478K, committed 9024K, reserved 1048576K
}
Event: 241.403 GC heap after
{Heap after GC invocations=165 (full 10):
 PSYoungGen      total 32256K, used 288K [0x00000000eab00000, 0x00000000ed300000, 0x0000000100000000)
  eden space 31744K, 0% used [0x00000000eab00000,0x00000000eab00000,0x00000000eca00000)
  from space 512K, 56% used [0x00000000ed280000,0x00000000ed2c8010,0x00000000ed300000)
  to   space 512K, 0% used [0x00000000ed200000,0x00000000ed200000,0x00000000ed280000)
 ParOldGen       total 266752K, used 200566K [0x00000000c0000000, 0x00000000d0480000, 0x00000000eab00000)
  object space 266752K, 75% used [0x00000000c0000000,0x00000000cc3dda28,0x00000000d0480000)
 Metaspace       used 79857K, committed 81152K, reserved 1179648K
  class space    used 8478K, committed 9024K, reserved 1048576K
}
Event: 241.627 GC heap before
{Heap before GC invocations=166 (full 10):
 PSYoungGen      total 32256K, used 32032K [0x00000000eab00000, 0x00000000ed300000, 0x0000000100000000)
  eden space 31744K, 100% used [0x00000000eab00000,0x00000000eca00000,0x00000000eca00000)
  from space 512K, 56% used [0x00000000ed280000,0x00000000ed2c8010,0x00000000ed300000)
  to   space 512K, 0% used [0x00000000ed200000,0x00000000ed200000,0x00000000ed280000)
 ParOldGen       total 266752K, used 200566K [0x00000000c0000000, 0x00000000d0480000, 0x00000000eab00000)
  object space 266752K, 75% used [0x00000000c0000000,0x00000000cc3dda28,0x00000000d0480000)
 Metaspace       used 79879K, committed 81152K, reserved 1179648K
  class space    used 8478K, committed 9024K, reserved 1048576K
}
Event: 241.628 GC heap after
{Heap after GC invocations=166 (full 10):
 PSYoungGen      total 32256K, used 352K [0x00000000eab00000, 0x00000000ed300000, 0x0000000100000000)
  eden space 31744K, 0% used [0x00000000eab00000,0x00000000eab00000,0x00000000eca00000)
  from space 512K, 68% used [0x00000000ed200000,0x00000000ed258030,0x00000000ed280000)
  to   space 512K, 0% used [0x00000000ed280000,0x00000000ed280000,0x00000000ed300000)
 ParOldGen       total 266752K, used 200566K [0x00000000c0000000, 0x00000000d0480000, 0x00000000eab00000)
  object space 266752K, 75% used [0x00000000c0000000,0x00000000cc3dda28,0x00000000d0480000)
 Metaspace       used 79879K, committed 81152K, reserved 1179648K
  class space    used 8478K, committed 9024K, reserved 1048576K
}
Event: 241.726 GC heap before
{Heap before GC invocations=167 (full 10):
 PSYoungGen      total 32256K, used 32096K [0x00000000eab00000, 0x00000000ed300000, 0x0000000100000000)
  eden space 31744K, 100% used [0x00000000eab00000,0x00000000eca00000,0x00000000eca00000)
  from space 512K, 68% used [0x00000000ed200000,0x00000000ed258030,0x00000000ed280000)
  to   space 512K, 0% used [0x00000000ed280000,0x00000000ed280000,0x00000000ed300000)
 ParOldGen       total 266752K, used 200566K [0x00000000c0000000, 0x00000000d0480000, 0x00000000eab00000)
  object space 266752K, 75% used [0x00000000c0000000,0x00000000cc3dda28,0x00000000d0480000)
 Metaspace       used 79879K, committed 81152K, reserved 1179648K
  class space    used 8478K, committed 9024K, reserved 1048576K
}
Event: 241.727 GC heap after
{Heap after GC invocations=167 (full 10):
 PSYoungGen      total 32256K, used 288K [0x00000000eab00000, 0x00000000ed300000, 0x0000000100000000)
  eden space 31744K, 0% used [0x00000000eab00000,0x00000000eab00000,0x00000000eca00000)
  from space 512K, 56% used [0x00000000ed280000,0x00000000ed2c8020,0x00000000ed300000)
  to   space 512K, 0% used [0x00000000ed200000,0x00000000ed200000,0x00000000ed280000)
 ParOldGen       total 266752K, used 200566K [0x00000000c0000000, 0x00000000d0480000, 0x00000000eab00000)
  object space 266752K, 75% used [0x00000000c0000000,0x00000000cc3dda28,0x00000000d0480000)
 Metaspace       used 79879K, committed 81152K, reserved 1179648K
  class space    used 8478K, committed 9024K, reserved 1048576K
}
Event: 241.822 GC heap before
{Heap before GC invocations=168 (full 10):
 PSYoungGen      total 32256K, used 32032K [0x00000000eab00000, 0x00000000ed300000, 0x0000000100000000)
  eden space 31744K, 100% used [0x00000000eab00000,0x00000000eca00000,0x00000000eca00000)
  from space 512K, 56% used [0x00000000ed280000,0x00000000ed2c8020,0x00000000ed300000)
  to   space 512K, 0% used [0x00000000ed200000,0x00000000ed200000,0x00000000ed280000)
 ParOldGen       total 266752K, used 200566K [0x00000000c0000000, 0x00000000d0480000, 0x00000000eab00000)
  object space 266752K, 75% used [0x00000000c0000000,0x00000000cc3dda28,0x00000000d0480000)
 Metaspace       used 79879K, committed 81152K, reserved 1179648K
  class space    used 8478K, committed 9024K, reserved 1048576K
}
Event: 241.823 GC heap after
{Heap after GC invocations=168 (full 10):
 PSYoungGen      total 32256K, used 256K [0x00000000eab00000, 0x00000000ed300000, 0x0000000100000000)
  eden space 31744K, 0% used [0x00000000eab00000,0x00000000eab00000,0x00000000eca00000)
  from space 512K, 50% used [0x00000000ed200000,0x00000000ed240000,0x00000000ed280000)
  to   space 512K, 0% used [0x00000000ed280000,0x00000000ed280000,0x00000000ed300000)
 ParOldGen       total 266752K, used 200566K [0x00000000c0000000, 0x00000000d0480000, 0x00000000eab00000)
  object space 266752K, 75% used [0x00000000c0000000,0x00000000cc3dda28,0x00000000d0480000)
 Metaspace       used 79879K, committed 81152K, reserved 1179648K
  class space    used 8478K, committed 9024K, reserved 1048576K
}
Event: 241.906 GC heap before
{Heap before GC invocations=169 (full 10):
 PSYoungGen      total 32256K, used 32000K [0x00000000eab00000, 0x00000000ed300000, 0x0000000100000000)
  eden space 31744K, 100% used [0x00000000eab00000,0x00000000eca00000,0x00000000eca00000)
  from space 512K, 50% used [0x00000000ed200000,0x00000000ed240000,0x00000000ed280000)
  to   space 512K, 0% used [0x00000000ed280000,0x00000000ed280000,0x00000000ed300000)
 ParOldGen       total 266752K, used 200566K [0x00000000c0000000, 0x00000000d0480000, 0x00000000eab00000)
  object space 266752K, 75% used [0x00000000c0000000,0x00000000cc3dda28,0x00000000d0480000)
 Metaspace       used 79879K, committed 81152K, reserved 1179648K
  class space    used 8478K, committed 9024K, reserved 1048576K
}
Event: 241.907 GC heap after
{Heap after GC invocations=169 (full 10):
 PSYoungGen      total 32256K, used 288K [0x00000000eab00000, 0x00000000ed300000, 0x0000000100000000)
  eden space 31744K, 0% used [0x00000000eab00000,0x00000000eab00000,0x00000000eca00000)
  from space 512K, 56% used [0x00000000ed280000,0x00000000ed2c8020,0x00000000ed300000)
  to   space 512K, 0% used [0x00000000ed200000,0x00000000ed200000,0x00000000ed280000)
 ParOldGen       total 266752K, used 200566K [0x00000000c0000000, 0x00000000d0480000, 0x00000000eab00000)
  object space 266752K, 75% used [0x00000000c0000000,0x00000000cc3dda28,0x00000000d0480000)
 Metaspace       used 79879K, committed 81152K, reserved 1179648K
  class space    used 8478K, committed 9024K, reserved 1048576K
}
Event: 242.081 GC heap before
{Heap before GC invocations=170 (full 10):
 PSYoungGen      total 32256K, used 32032K [0x00000000eab00000, 0x00000000ed300000, 0x0000000100000000)
  eden space 31744K, 100% used [0x00000000eab00000,0x00000000eca00000,0x00000000eca00000)
  from space 512K, 56% used [0x00000000ed280000,0x00000000ed2c8020,0x00000000ed300000)
  to   space 512K, 0% used [0x00000000ed200000,0x00000000ed200000,0x00000000ed280000)
 ParOldGen       total 266752K, used 200566K [0x00000000c0000000, 0x00000000d0480000, 0x00000000eab00000)
  object space 266752K, 75% used [0x00000000c0000000,0x00000000cc3dda28,0x00000000d0480000)
 Metaspace       used 79879K, committed 81152K, reserved 1179648K
  class space    used 8478K, committed 9024K, reserved 1048576K
}
Event: 242.082 GC heap after
{Heap after GC invocations=170 (full 10):
 PSYoungGen      total 32256K, used 320K [0x00000000eab00000, 0x00000000ed300000, 0x0000000100000000)
  eden space 31744K, 0% used [0x00000000eab00000,0x00000000eab00000,0x00000000eca00000)
  from space 512K, 62% used [0x00000000ed200000,0x00000000ed250040,0x00000000ed280000)
  to   space 512K, 0% used [0x00000000ed280000,0x00000000ed280000,0x00000000ed300000)
 ParOldGen       total 266752K, used 200566K [0x00000000c0000000, 0x00000000d0480000, 0x00000000eab00000)
  object space 266752K, 75% used [0x00000000c0000000,0x00000000cc3dda28,0x00000000d0480000)
 Metaspace       used 79879K, committed 81152K, reserved 1179648K
  class space    used 8478K, committed 9024K, reserved 1048576K
}
Event: 242.228 GC heap before
{Heap before GC invocations=171 (full 10):
 PSYoungGen      total 32256K, used 32064K [0x00000000eab00000, 0x00000000ed300000, 0x0000000100000000)
  eden space 31744K, 100% used [0x00000000eab00000,0x00000000eca00000,0x00000000eca00000)
  from space 512K, 62% used [0x00000000ed200000,0x00000000ed250040,0x00000000ed280000)
  to   space 512K, 0% used [0x00000000ed280000,0x00000000ed280000,0x00000000ed300000)
 ParOldGen       total 266752K, used 200566K [0x00000000c0000000, 0x00000000d0480000, 0x00000000eab00000)
  object space 266752K, 75% used [0x00000000c0000000,0x00000000cc3dda28,0x00000000d0480000)
 Metaspace       used 79879K, committed 81152K, reserved 1179648K
  class space    used 8478K, committed 9024K, reserved 1048576K
}
Event: 242.229 GC heap after
{Heap after GC invocations=171 (full 10):
 PSYoungGen      total 32256K, used 224K [0x00000000eab00000, 0x00000000ed300000, 0x0000000100000000)
  eden space 31744K, 0% used [0x00000000eab00000,0x00000000eab00000,0x00000000eca00000)
  from space 512K, 43% used [0x00000000ed280000,0x00000000ed2b8000,0x00000000ed300000)
  to   space 512K, 0% used [0x00000000ed200000,0x00000000ed200000,0x00000000ed280000)
 ParOldGen       total 266752K, used 200590K [0x00000000c0000000, 0x00000000d0480000, 0x00000000eab00000)
  object space 266752K, 75% used [0x00000000c0000000,0x00000000cc3e3a28,0x00000000d0480000)
 Metaspace       used 79879K, committed 81152K, reserved 1179648K
  class space    used 8478K, committed 9024K, reserved 1048576K
}
Event: 242.284 GC heap before
{Heap before GC invocations=172 (full 10):
 PSYoungGen      total 32256K, used 31968K [0x00000000eab00000, 0x00000000ed300000, 0x0000000100000000)
  eden space 31744K, 100% used [0x00000000eab00000,0x00000000eca00000,0x00000000eca00000)
  from space 512K, 43% used [0x00000000ed280000,0x00000000ed2b8000,0x00000000ed300000)
  to   space 512K, 0% used [0x00000000ed200000,0x00000000ed200000,0x00000000ed280000)
 ParOldGen       total 266752K, used 200590K [0x00000000c0000000, 0x00000000d0480000, 0x00000000eab00000)
  object space 266752K, 75% used [0x00000000c0000000,0x00000000cc3e3a28,0x00000000d0480000)
 Metaspace       used 79879K, committed 81152K, reserved 1179648K
  class space    used 8478K, committed 9024K, reserved 1048576K
}
Event: 242.285 GC heap after
{Heap after GC invocations=172 (full 10):
 PSYoungGen      total 32256K, used 224K [0x00000000eab00000, 0x00000000ed300000, 0x0000000100000000)
  eden space 31744K, 0% used [0x00000000eab00000,0x00000000eab00000,0x00000000eca00000)
  from space 512K, 43% used [0x00000000ed200000,0x00000000ed238000,0x00000000ed280000)
  to   space 512K, 0% used [0x00000000ed280000,0x00000000ed280000,0x00000000ed300000)
 ParOldGen       total 266752K, used 200614K [0x00000000c0000000, 0x00000000d0480000, 0x00000000eab00000)
  object space 266752K, 75% used [0x00000000c0000000,0x00000000cc3e9a28,0x00000000d0480000)
 Metaspace       used 79879K, committed 81152K, reserved 1179648K
  class space    used 8478K, committed 9024K, reserved 1048576K
}
Event: 242.337 GC heap before
{Heap before GC invocations=173 (full 10):
 PSYoungGen      total 32256K, used 31968K [0x00000000eab00000, 0x00000000ed300000, 0x0000000100000000)
  eden space 31744K, 100% used [0x00000000eab00000,0x00000000eca00000,0x00000000eca00000)
  from space 512K, 43% used [0x00000000ed200000,0x00000000ed238000,0x00000000ed280000)
  to   space 512K, 0% used [0x00000000ed280000,0x00000000ed280000,0x00000000ed300000)
 ParOldGen       total 266752K, used 200614K [0x00000000c0000000, 0x00000000d0480000, 0x00000000eab00000)
  object space 266752K, 75% used [0x00000000c0000000,0x00000000cc3e9a28,0x00000000d0480000)
 Metaspace       used 79879K, committed 81152K, reserved 1179648K
  class space    used 8478K, committed 9024K, reserved 1048576K
}
Event: 242.338 GC heap after
{Heap after GC invocations=173 (full 10):
 PSYoungGen      total 32256K, used 224K [0x00000000eab00000, 0x00000000ed300000, 0x0000000100000000)
  eden space 31744K, 0% used [0x00000000eab00000,0x00000000eab00000,0x00000000eca00000)
  from space 512K, 43% used [0x00000000ed280000,0x00000000ed2b8000,0x00000000ed300000)
  to   space 512K, 0% used [0x00000000ed200000,0x00000000ed200000,0x00000000ed280000)
 ParOldGen       total 266752K, used 200622K [0x00000000c0000000, 0x00000000d0480000, 0x00000000eab00000)
  object space 266752K, 75% used [0x00000000c0000000,0x00000000cc3eba28,0x00000000d0480000)
 Metaspace       used 79879K, committed 81152K, reserved 1179648K
  class space    used 8478K, committed 9024K, reserved 1048576K
}
Event: 242.498 GC heap before
{Heap before GC invocations=174 (full 10):
 PSYoungGen      total 32256K, used 31968K [0x00000000eab00000, 0x00000000ed300000, 0x0000000100000000)
  eden space 31744K, 100% used [0x00000000eab00000,0x00000000eca00000,0x00000000eca00000)
  from space 512K, 43% used [0x00000000ed280000,0x00000000ed2b8000,0x00000000ed300000)
  to   space 512K, 0% used [0x00000000ed200000,0x00000000ed200000,0x00000000ed280000)
 ParOldGen       total 266752K, used 200622K [0x00000000c0000000, 0x00000000d0480000, 0x00000000eab00000)
  object space 266752K, 75% used [0x00000000c0000000,0x00000000cc3eba28,0x00000000d0480000)
 Metaspace       used 79879K, committed 81152K, reserved 1179648K
  class space    used 8478K, committed 9024K, reserved 1048576K
}
Event: 242.499 GC heap after
{Heap after GC invocations=174 (full 10):
 PSYoungGen      total 32256K, used 224K [0x00000000eab00000, 0x00000000ed300000, 0x0000000100000000)
  eden space 31744K, 0% used [0x00000000eab00000,0x00000000eab00000,0x00000000eca00000)
  from space 512K, 43% used [0x00000000ed200000,0x00000000ed238000,0x00000000ed280000)
  to   space 512K, 0% used [0x00000000ed280000,0x00000000ed280000,0x00000000ed300000)
 ParOldGen       total 266752K, used 200662K [0x00000000c0000000, 0x00000000d0480000, 0x00000000eab00000)
  object space 266752K, 75% used [0x00000000c0000000,0x00000000cc3f5a28,0x00000000d0480000)
 Metaspace       used 79879K, committed 81152K, reserved 1179648K
  class space    used 8478K, committed 9024K, reserved 1048576K
}

